<?xml version="1.0" encoding="UTF-8"?>
<!-- Generated by org.testng.reporters.JUnitXMLReporter -->
<testsuite ignored="0" hostname="DESKTOP-OGE9NC4" failures="1" tests="3" name="Error ValidationTest" time="57.79" errors="0" timestamp="2026-05-25T23:19:22 IST">
  <testcase classname="seleniumFrameworkDesign.ErrorValidationTest" name="loginErrorValidation" time="3.786">
    <skipped/>
  </testcase> <!-- loginErrorValidation -->
  <testcase classname="seleniumFrameworkDesign.ErrorValidationTest" name="loginErrorValidation" time="2.327">
    <failure type="java.lang.AssertionError" message="expected [Incorrect email or password.] but found [Login Successfully]">
      <![CDATA[java.lang.AssertionError: expected [Incorrect email or password.] but found [Login Successfully]
at seleniumFrameworkDesign.ErrorValidationTest.loginErrorValidation(ErrorValidationTest.java:19)
at java.base/java.util.ArrayList.forEach(ArrayList.java:1596)
at java.base/java.util.concurrent.FutureTask.run(FutureTask.java:317)
at java.base/java.util.concurrent.ThreadPoolExecutor.runWorker(ThreadPoolExecutor.java:1144)
at java.base/java.util.concurrent.ThreadPoolExecutor$Worker.run(ThreadPoolExecutor.java:642)
at java.base/java.lang.Thread.run(Thread.java:1583)
... Removed 21 stack frames]]>
    </failure>
  </testcase> <!-- loginErrorValidation -->
  <testcase classname="seleniumFrameworkDesign.ErrorValidationTest" name="productErrorValidation" time="8.319"/>
</testsuite> <!-- Error ValidationTest -->
