<?xml version="1.0" encoding="UTF-8"?>
<!-- Generated by org.testng.reporters.JUnitXMLReporter -->
<testsuite ignored="0" hostname="DESKTOP-OGE9NC4" failures="0" tests="3" name="Submit Order Test" time="50.589" errors="0" timestamp="2026-04-30T13:03:20 IST">
  <testcase classname="seleniumFrameworkDesign.SubmitOrderTest" name="submitOrder" time="7.962"/>
  <testcase classname="seleniumFrameworkDesign.SubmitOrderTest" name="submitOrder" time="6.345"/>
  <testcase classname="seleniumFrameworkDesign.SubmitOrderTest" name="OrderHistoryTest" time="1.659"/>
</testsuite> <!-- Submit Order Test -->
