<?xml version="1.0" encoding="UTF-8"?>
<testng-results retried="1" ignored="1" total="7" passed="4" failed="1" skipped="0">
  <reporter-output>
  </reporter-output>
  <suite started-at="2026-04-30T13:02:30 IST" name="Suite" finished-at="2026-04-30T13:03:20 IST" duration-ms="50589">
    <groups>
      <group name="ErrorHandling">
        <method signature="ErrorValidationTest.loginErrorValidation()[pri:0, instance:seleniumFrameworkDesign.ErrorValidationTest@7486b455]" name="loginErrorValidation" class="seleniumFrameworkDesign.ErrorValidationTest"/>
      </group> <!-- ErrorHandling -->
      <group name="Purchase">
        <method signature="SubmitOrderTest.submitOrder(java.util.HashMap)[pri:0, instance:seleniumFrameworkDesign.SubmitOrderTest@7d900ecf]" name="submitOrder" class="seleniumFrameworkDesign.SubmitOrderTest"/>
      </group> <!-- Purchase -->
    </groups>
    <test started-at="2026-04-30T13:02:30 IST" name="Error ValidationTest" finished-at="2026-04-30T13:03:13 IST" duration-ms="43845">
      <class name="seleniumFrameworkDesign.ErrorValidationTest">
        <test-method is-config="true" signature="launchApplication()[pri:0, instance:seleniumFrameworkDesign.ErrorValidationTest@7486b455]" started-at="2026-04-30T13:02:30 IST" name="launchApplication" finished-at="2026-04-30T13:02:54 IST" duration-ms="23972" status="PASS">
          <reporter-output>
          </reporter-output>
        </test-method> <!-- launchApplication -->
        <test-method retried="true" signature="loginErrorValidation()[pri:0, instance:seleniumFrameworkDesign.ErrorValidationTest@7486b455]" started-at="2026-04-30T13:02:54 IST" name="loginErrorValidation" finished-at="2026-04-30T13:02:56 IST" duration-ms="2302" status="SKIP">
          <exception class="java.lang.AssertionError">
            <message>
              <![CDATA[expected [Incorrect r password.] but found [Login Successfully]]]>
            </message>
            <full-stacktrace>
              <![CDATA[java.lang.AssertionError: expected [Incorrect r password.] but found [Login Successfully]
at org.testng.Assert.fail(Assert.java:111)
at org.testng.Assert.failNotEquals(Assert.java:1578)
at org.testng.Assert.assertEqualsImpl(Assert.java:150)
at org.testng.Assert.assertEquals(Assert.java:132)
at org.testng.Assert.assertEquals(Assert.java:656)
at org.testng.Assert.assertEquals(Assert.java:666)
at seleniumFrameworkDesign.ErrorValidationTest.loginErrorValidation(ErrorValidationTest.java:19)
at java.base/jdk.internal.reflect.DirectMethodHandleAccessor.invoke(DirectMethodHandleAccessor.java:103)
at java.base/java.lang.reflect.Method.invoke(Method.java:580)
at org.testng.internal.invokers.MethodInvocationHelper.invokeMethod(MethodInvocationHelper.java:141)
at org.testng.internal.invokers.TestInvoker.invokeMethod(TestInvoker.java:686)
at org.testng.internal.invokers.TestInvoker.invokeTestMethod(TestInvoker.java:230)
at org.testng.internal.invokers.MethodRunner.runInSequence(MethodRunner.java:63)
at org.testng.internal.invokers.TestInvoker$MethodInvocationAgent.invoke(TestInvoker.java:992)
at org.testng.internal.invokers.TestInvoker.invokeTestMethods(TestInvoker.java:203)
at org.testng.internal.invokers.TestMethodWorker.invokeTestMethods(TestMethodWorker.java:154)
at org.testng.internal.invokers.TestMethodWorker.run(TestMethodWorker.java:134)
at java.base/java.util.ArrayList.forEach(ArrayList.java:1596)
at org.testng.TestRunner.privateRun(TestRunner.java:739)
at org.testng.TestRunner.run(TestRunner.java:614)
at org.testng.SuiteRunner.runTest(SuiteRunner.java:421)
at org.testng.SuiteRunner$SuiteWorker.run(SuiteRunner.java:463)
at org.testng.internal.thread.ThreadUtil.lambda$execute$0(ThreadUtil.java:64)
at java.base/java.util.concurrent.FutureTask.run(FutureTask.java:317)
at java.base/java.util.concurrent.ThreadPoolExecutor.runWorker(ThreadPoolExecutor.java:1144)
at java.base/java.util.concurrent.ThreadPoolExecutor$Worker.run(ThreadPoolExecutor.java:642)
at java.base/java.lang.Thread.run(Thread.java:1583)
]]>
            </full-stacktrace>
          </exception> <!-- java.lang.AssertionError -->
          <reporter-output>
          </reporter-output>
        </test-method> <!-- loginErrorValidation -->
        <test-method is-config="true" signature="tearDown()[pri:0, instance:seleniumFrameworkDesign.ErrorValidationTest@7486b455]" started-at="2026-04-30T13:02:56 IST" name="tearDown" finished-at="2026-04-30T13:02:57 IST" duration-ms="1149" status="PASS">
          <reporter-output>
          </reporter-output>
        </test-method> <!-- tearDown -->
        <test-method is-config="true" signature="launchApplication()[pri:0, instance:seleniumFrameworkDesign.ErrorValidationTest@7486b455]" started-at="2026-04-30T13:02:57 IST" name="launchApplication" finished-at="2026-04-30T13:03:01 IST" duration-ms="3745" status="PASS">
          <reporter-output>
          </reporter-output>
        </test-method> <!-- launchApplication -->
        <test-method signature="loginErrorValidation()[pri:0, instance:seleniumFrameworkDesign.ErrorValidationTest@7486b455]" started-at="2026-04-30T13:03:01 IST" name="loginErrorValidation" finished-at="2026-04-30T13:03:03 IST" duration-ms="1987" status="FAIL">
          <exception class="java.lang.AssertionError">
            <message>
              <![CDATA[expected [Incorrect r password.] but found [Login Successfully]]]>
            </message>
            <full-stacktrace>
              <![CDATA[java.lang.AssertionError: expected [Incorrect r password.] but found [Login Successfully]
at org.testng.Assert.fail(Assert.java:111)
at org.testng.Assert.failNotEquals(Assert.java:1578)
at org.testng.Assert.assertEqualsImpl(Assert.java:150)
at org.testng.Assert.assertEquals(Assert.java:132)
at org.testng.Assert.assertEquals(Assert.java:656)
at org.testng.Assert.assertEquals(Assert.java:666)
at seleniumFrameworkDesign.ErrorValidationTest.loginErrorValidation(ErrorValidationTest.java:19)
at java.base/jdk.internal.reflect.DirectMethodHandleAccessor.invoke(DirectMethodHandleAccessor.java:103)
at java.base/java.lang.reflect.Method.invoke(Method.java:580)
at org.testng.internal.invokers.MethodInvocationHelper.invokeMethod(MethodInvocationHelper.java:141)
at org.testng.internal.invokers.TestInvoker.invokeMethod(TestInvoker.java:686)
at org.testng.internal.invokers.TestInvoker.retryFailed(TestInvoker.java:269)
at org.testng.internal.invokers.MethodRunner.runInSequence(MethodRunner.java:76)
at org.testng.internal.invokers.TestInvoker$MethodInvocationAgent.invoke(TestInvoker.java:992)
at org.testng.internal.invokers.TestInvoker.invokeTestMethods(TestInvoker.java:203)
at org.testng.internal.invokers.TestMethodWorker.invokeTestMethods(TestMethodWorker.java:154)
at org.testng.internal.invokers.TestMethodWorker.run(TestMethodWorker.java:134)
at java.base/java.util.ArrayList.forEach(ArrayList.java:1596)
at org.testng.TestRunner.privateRun(TestRunner.java:739)
at org.testng.TestRunner.run(TestRunner.java:614)
at org.testng.SuiteRunner.runTest(SuiteRunner.java:421)
at org.testng.SuiteRunner$SuiteWorker.run(SuiteRunner.java:463)
at org.testng.internal.thread.ThreadUtil.lambda$execute$0(ThreadUtil.java:64)
at java.base/java.util.concurrent.FutureTask.run(FutureTask.java:317)
at java.base/java.util.concurrent.ThreadPoolExecutor.runWorker(ThreadPoolExecutor.java:1144)
at java.base/java.util.concurrent.ThreadPoolExecutor$Worker.run(ThreadPoolExecutor.java:642)
at java.base/java.lang.Thread.run(Thread.java:1583)
]]>
            </full-stacktrace>
          </exception> <!-- java.lang.AssertionError -->
          <reporter-output>
          </reporter-output>
        </test-method> <!-- loginErrorValidation -->
        <test-method is-config="true" signature="tearDown()[pri:0, instance:seleniumFrameworkDesign.ErrorValidationTest@7486b455]" started-at="2026-04-30T13:03:04 IST" name="tearDown" finished-at="2026-04-30T13:03:04 IST" duration-ms="629" status="PASS">
          <reporter-output>
          </reporter-output>
        </test-method> <!-- tearDown -->
        <test-method is-config="true" signature="launchApplication()[pri:0, instance:seleniumFrameworkDesign.ErrorValidationTest@7486b455]" started-at="2026-04-30T13:03:04 IST" name="launchApplication" finished-at="2026-04-30T13:03:10 IST" duration-ms="5672" status="PASS">
          <reporter-output>
          </reporter-output>
        </test-method> <!-- launchApplication -->
        <test-method signature="productErrorValidation()[pri:0, instance:seleniumFrameworkDesign.ErrorValidationTest@7486b455]" started-at="2026-04-30T13:03:10 IST" name="productErrorValidation" finished-at="2026-04-30T13:03:13 IST" duration-ms="3100" status="PASS">
          <reporter-output>
          </reporter-output>
        </test-method> <!-- productErrorValidation -->
        <test-method is-config="true" signature="tearDown()[pri:0, instance:seleniumFrameworkDesign.ErrorValidationTest@7486b455]" started-at="2026-04-30T13:03:13 IST" name="tearDown" finished-at="2026-04-30T13:03:13 IST" duration-ms="365" status="PASS">
          <reporter-output>
          </reporter-output>
        </test-method> <!-- tearDown -->
      </class> <!-- seleniumFrameworkDesign.ErrorValidationTest -->
    </test> <!-- Error ValidationTest -->
    <test started-at="2026-04-30T13:02:30 IST" name="Submit Order Test" finished-at="2026-04-30T13:03:20 IST" duration-ms="50589">
      <class name="seleniumFrameworkDesign.SubmitOrderTest">
        <test-method is-config="true" signature="launchApplication()[pri:0, instance:seleniumFrameworkDesign.SubmitOrderTest@7d900ecf]" started-at="2026-04-30T13:02:30 IST" name="launchApplication" finished-at="2026-04-30T13:02:55 IST" duration-ms="24127" status="PASS">
          <reporter-output>
          </reporter-output>
        </test-method> <!-- launchApplication -->
        <test-method signature="submitOrder(java.util.HashMap)[pri:0, instance:seleniumFrameworkDesign.SubmitOrderTest@7d900ecf]" started-at="2026-04-30T13:02:55 IST" name="submitOrder" data-provider="getData" finished-at="2026-04-30T13:03:03 IST" duration-ms="7962" status="PASS">
          <params>
            <param index="0">
              <value>
                <![CDATA[{password=Rahul@4321, email=william.nugen@gmail.com}]]>
              </value>
            </param>
          </params>
          <reporter-output>
          </reporter-output>
        </test-method> <!-- submitOrder -->
        <test-method is-config="true" signature="tearDown()[pri:0, instance:seleniumFrameworkDesign.SubmitOrderTest@7d900ecf]" started-at="2026-04-30T13:03:03 IST" name="tearDown" finished-at="2026-04-30T13:03:03 IST" duration-ms="624" status="PASS">
          <reporter-output>
          </reporter-output>
        </test-method> <!-- tearDown -->
        <test-method is-config="true" signature="launchApplication()[pri:0, instance:seleniumFrameworkDesign.SubmitOrderTest@7d900ecf]" started-at="2026-04-30T13:03:03 IST" name="launchApplication" finished-at="2026-04-30T13:03:07 IST" duration-ms="3381" status="PASS">
          <reporter-output>
          </reporter-output>
        </test-method> <!-- launchApplication -->
        <test-method signature="submitOrder(java.util.HashMap)[pri:0, instance:seleniumFrameworkDesign.SubmitOrderTest@7d900ecf]" started-at="2026-04-30T13:03:07 IST" name="submitOrder" data-provider="getData" finished-at="2026-04-30T13:03:13 IST" duration-ms="6345" status="PASS">
          <params>
            <param index="0">
              <value>
                <![CDATA[{password=Kaimado@1234, email=rahulshetty@gecko.com}]]>
              </value>
            </param>
          </params>
          <reporter-output>
          </reporter-output>
        </test-method> <!-- submitOrder -->
        <test-method is-config="true" signature="tearDown()[pri:0, instance:seleniumFrameworkDesign.SubmitOrderTest@7d900ecf]" started-at="2026-04-30T13:03:13 IST" name="tearDown" finished-at="2026-04-30T13:03:13 IST" duration-ms="350" status="PASS">
          <reporter-output>
          </reporter-output>
        </test-method> <!-- tearDown -->
        <test-method is-config="true" signature="launchApplication()[pri:0, instance:seleniumFrameworkDesign.SubmitOrderTest@7d900ecf]" started-at="2026-04-30T13:03:13 IST" name="launchApplication" finished-at="2026-04-30T13:03:18 IST" duration-ms="4967" status="PASS">
          <reporter-output>
          </reporter-output>
        </test-method> <!-- launchApplication -->
        <test-method signature="OrderHistoryTest()[pri:0, instance:seleniumFrameworkDesign.SubmitOrderTest@7d900ecf]" started-at="2026-04-30T13:03:18 IST" name="OrderHistoryTest" finished-at="2026-04-30T13:03:20 IST" depends-on-methods="seleniumFrameworkDesign.SubmitOrderTest.submitOrder" duration-ms="1659" status="PASS">
          <reporter-output>
          </reporter-output>
        </test-method> <!-- OrderHistoryTest -->
        <test-method is-config="true" signature="tearDown()[pri:0, instance:seleniumFrameworkDesign.SubmitOrderTest@7d900ecf]" started-at="2026-04-30T13:03:20 IST" name="tearDown" finished-at="2026-04-30T13:03:20 IST" duration-ms="317" status="PASS">
          <reporter-output>
          </reporter-output>
        </test-method> <!-- tearDown -->
      </class> <!-- seleniumFrameworkDesign.SubmitOrderTest -->
    </test> <!-- Submit Order Test -->
  </suite> <!-- Suite -->
</testng-results>
