<?xml version="1.0" encoding="UTF-8"?>
<!-- Generated by org.testng.reporters.JUnitReportReporter -->
<testsuite hostname="DESKTOP-OGE9NC4" failures="0" tests="3" name="seleniumFrameworkDesign.SubmitOrderTest" time="49.732" errors="0" timestamp="2026-04-30T13:03:20 IST" skipped="0">
  <testcase classname="seleniumFrameworkDesign.SubmitOrderTest" name="OrderHistoryTest" time="6.943"/>
  <testcase classname="seleniumFrameworkDesign.SubmitOrderTest" name="submitOrder" time="32.713"/>
  <testcase classname="seleniumFrameworkDesign.SubmitOrderTest" name="submitOrder" time="10.076"/>
</testsuite> <!-- seleniumFrameworkDesign.SubmitOrderTest -->
